[2022-04-27 15:00:52] ---------------------------------------------------------------------------------------------------
[2022-04-27 15:00:52] | epoch   1 | time: 15.81s | training loss  1.41 |
[2022-04-27 15:00:54] | epoch   1 | time:  1.74s | cv loss  0.87 | cv accuracy:  0.69 |
[2022-04-27 15:00:54] ---------------------------------------------------------------------------------------------------
[2022-04-27 15:01:09] ---------------------------------------------------------------------------------------------------
[2022-04-27 15:01:09] | epoch   2 | time: 15.58s | training loss  0.56 |
[2022-04-27 15:01:11] | epoch   2 | time:  1.73s | cv loss  0.60 | cv accuracy:  0.77 |
[2022-04-27 15:01:11] ---------------------------------------------------------------------------------------------------
[2022-04-27 15:01:26] ---------------------------------------------------------------------------------------------------
[2022-04-27 15:01:26] | epoch   3 | time: 15.02s | training loss  0.28 |
[2022-04-27 15:01:28] | epoch   3 | time:  1.55s | cv loss  0.51 | cv accuracy:  0.78 |
[2022-04-27 15:01:28] ---------------------------------------------------------------------------------------------------
[2022-04-27 15:01:42] ---------------------------------------------------------------------------------------------------
[2022-04-27 15:01:42] | epoch   4 | time: 14.59s | training loss  0.15 |
[2022-04-27 15:01:44] | epoch   4 | time:  1.45s | cv loss  0.47 | cv accuracy:  0.80 |
[2022-04-27 15:01:44] ---------------------------------------------------------------------------------------------------
[2022-04-27 15:01:58] ---------------------------------------------------------------------------------------------------
[2022-04-27 15:01:58] | epoch   5 | time: 14.52s | training loss  0.09 |
[2022-04-27 15:02:00] | epoch   5 | time:  1.56s | cv loss  0.46 | cv accuracy:  0.79 |
[2022-04-27 15:02:00] ---------------------------------------------------------------------------------------------------
[2022-04-27 15:02:15] ---------------------------------------------------------------------------------------------------
[2022-04-27 15:02:15] | epoch   6 | time: 14.86s | training loss  0.05 |
[2022-04-27 15:02:17] | epoch   6 | time:  1.70s | cv loss  0.47 | cv accuracy:  0.79 |
[2022-04-27 15:02:17] ---------------------------------------------------------------------------------------------------
[2022-04-27 15:02:32] ---------------------------------------------------------------------------------------------------
[2022-04-27 15:02:32] | epoch   7 | time: 15.50s | training loss  0.03 |
[2022-04-27 15:02:34] | epoch   7 | time:  1.62s | cv loss  0.51 | cv accuracy:  0.79 |
[2022-04-27 15:02:34] ---------------------------------------------------------------------------------------------------
[2022-04-27 15:02:50] ---------------------------------------------------------------------------------------------------
[2022-04-27 15:02:50] | epoch   8 | time: 15.84s | training loss  0.02 |
[2022-04-27 15:02:51] | epoch   8 | time:  1.53s | cv loss  0.48 | cv accuracy:  0.81 |
[2022-04-27 15:02:51] ---------------------------------------------------------------------------------------------------
[2022-04-27 15:03:07] ---------------------------------------------------------------------------------------------------
[2022-04-27 15:03:07] | epoch   9 | time: 16.38s | training loss  0.02 |
[2022-04-27 15:03:09] | epoch   9 | time:  1.54s | cv loss  0.52 | cv accuracy:  0.79 |
[2022-04-27 15:03:09] ---------------------------------------------------------------------------------------------------
[2022-04-27 15:03:22] ---------------------------------------------------------------------------------------------------
[2022-04-27 15:03:22] | epoch  10 | time: 13.45s | training loss  0.01 |
[2022-04-27 15:03:24] | epoch  10 | time:  1.42s | cv loss  0.51 | cv accuracy:  0.80 |
[2022-04-27 15:03:24] ---------------------------------------------------------------------------------------------------
[2022-04-27 15:03:39] ---------------------------------------------------------------------------------------------------
[2022-04-27 15:03:39] | epoch  11 | time: 14.88s | training loss  0.01 |
[2022-04-27 15:03:40] | epoch  11 | time:  1.60s | cv loss  0.51 | cv accuracy:  0.80 |
[2022-04-27 15:03:40] ---------------------------------------------------------------------------------------------------
[2022-04-27 15:03:56] ---------------------------------------------------------------------------------------------------
[2022-04-27 15:03:56] | epoch  12 | time: 15.42s | training loss  0.01 |
[2022-04-27 15:03:57] | epoch  12 | time:  1.60s | cv loss  0.52 | cv accuracy:  0.80 |
[2022-04-27 15:03:57] ---------------------------------------------------------------------------------------------------
[2022-04-27 19:45:49] ---------------------------------------------------------------------------------------------------
[2022-04-27 19:45:49] | epoch   1 | time: 15.30s | training loss  1.41 |
[2022-04-27 19:45:50] | epoch   1 | time:  1.78s | cv loss  0.87 | cv accuracy:  0.69 |
[2022-04-27 19:45:50] ---------------------------------------------------------------------------------------------------
[2022-04-27 19:46:06] ---------------------------------------------------------------------------------------------------
[2022-04-27 19:46:06] | epoch   2 | time: 15.33s | training loss  0.56 |
[2022-04-27 19:46:07] | epoch   2 | time:  1.68s | cv loss  0.60 | cv accuracy:  0.77 |
[2022-04-27 19:46:07] ---------------------------------------------------------------------------------------------------
[2022-04-27 19:46:23] ---------------------------------------------------------------------------------------------------
[2022-04-27 19:46:23] | epoch   3 | time: 15.34s | training loss  0.28 |
[2022-04-27 19:46:25] | epoch   3 | time:  1.75s | cv loss  0.51 | cv accuracy:  0.78 |
[2022-04-27 19:46:25] ---------------------------------------------------------------------------------------------------
[2022-04-27 19:46:40] ---------------------------------------------------------------------------------------------------
[2022-04-27 19:46:40] | epoch   4 | time: 15.28s | training loss  0.15 |
[2022-04-27 19:46:41] | epoch   4 | time:  1.59s | cv loss  0.47 | cv accuracy:  0.80 |
[2022-04-27 19:46:41] ---------------------------------------------------------------------------------------------------
[2022-04-27 19:46:57] ---------------------------------------------------------------------------------------------------
[2022-04-27 19:46:57] | epoch   5 | time: 15.37s | training loss  0.09 |
[2022-04-27 19:46:59] | epoch   5 | time:  1.79s | cv loss  0.46 | cv accuracy:  0.79 |
[2022-04-27 19:46:59] ---------------------------------------------------------------------------------------------------
[2022-04-27 19:47:14] ---------------------------------------------------------------------------------------------------
[2022-04-27 19:47:14] | epoch   6 | time: 15.47s | training loss  0.05 |
[2022-04-27 19:47:16] | epoch   6 | time:  1.71s | cv loss  0.47 | cv accuracy:  0.79 |
[2022-04-27 19:47:16] ---------------------------------------------------------------------------------------------------
[2022-04-27 19:47:31] ---------------------------------------------------------------------------------------------------
[2022-04-27 19:47:31] | epoch   7 | time: 15.63s | training loss  0.03 |
[2022-04-27 19:47:33] | epoch   7 | time:  1.62s | cv loss  0.51 | cv accuracy:  0.79 |
[2022-04-27 19:47:33] ---------------------------------------------------------------------------------------------------
[2022-04-27 19:47:49] ---------------------------------------------------------------------------------------------------
[2022-04-27 19:47:49] | epoch   8 | time: 15.76s | training loss  0.02 |
[2022-04-27 19:47:51] | epoch   8 | time:  1.65s | cv loss  0.48 | cv accuracy:  0.81 |
[2022-04-27 19:47:51] ---------------------------------------------------------------------------------------------------
[2022-04-27 19:48:06] ---------------------------------------------------------------------------------------------------
[2022-04-27 19:48:06] | epoch   9 | time: 15.61s | training loss  0.02 |
[2022-04-27 19:48:08] | epoch   9 | time:  1.73s | cv loss  0.52 | cv accuracy:  0.79 |
[2022-04-27 19:48:08] ---------------------------------------------------------------------------------------------------
[2022-04-27 19:48:24] ---------------------------------------------------------------------------------------------------
[2022-04-27 19:48:24] | epoch  10 | time: 15.89s | training loss  0.01 |
[2022-04-27 19:48:25] | epoch  10 | time:  1.62s | cv loss  0.51 | cv accuracy:  0.80 |
[2022-04-27 19:48:25] ---------------------------------------------------------------------------------------------------
[2022-04-27 19:48:40] ---------------------------------------------------------------------------------------------------
[2022-04-27 19:48:40] | epoch  11 | time: 14.27s | training loss  0.01 |
[2022-04-27 19:48:41] | epoch  11 | time:  1.57s | cv loss  0.51 | cv accuracy:  0.80 |
[2022-04-27 19:48:41] ---------------------------------------------------------------------------------------------------
[2022-04-27 19:48:57] ---------------------------------------------------------------------------------------------------
[2022-04-27 19:48:57] | epoch  12 | time: 15.35s | training loss  0.01 |
[2022-04-27 19:48:58] | epoch  12 | time:  1.52s | cv loss  0.52 | cv accuracy:  0.80 |
[2022-04-27 19:48:58] ---------------------------------------------------------------------------------------------------
[2022-05-26 21:40:03] ---------------------------------------------------------------------------------------------------
[2022-05-26 21:40:03] | epoch   1 | time: 12.79s | training loss  1.41 |
[2022-05-26 21:40:05] | epoch   1 | time:  1.36s | cv loss  0.87 | cv accuracy:  0.69 |
[2022-05-26 21:40:05] ---------------------------------------------------------------------------------------------------
[2022-05-26 21:40:17] ---------------------------------------------------------------------------------------------------
[2022-05-26 21:40:17] | epoch   2 | time: 12.77s | training loss  0.56 |
[2022-05-26 21:40:19] | epoch   2 | time:  1.34s | cv loss  0.60 | cv accuracy:  0.77 |
[2022-05-26 21:40:19] ---------------------------------------------------------------------------------------------------
[2022-05-26 21:40:31] ---------------------------------------------------------------------------------------------------
[2022-05-26 21:40:31] | epoch   3 | time: 12.76s | training loss  0.28 |
[2022-05-26 21:40:33] | epoch   3 | time:  1.44s | cv loss  0.51 | cv accuracy:  0.78 |
[2022-05-26 21:40:33] ---------------------------------------------------------------------------------------------------
[2022-05-26 21:40:46] ---------------------------------------------------------------------------------------------------
[2022-05-26 21:40:46] | epoch   4 | time: 12.81s | training loss  0.15 |
[2022-05-26 21:40:47] | epoch   4 | time:  1.39s | cv loss  0.47 | cv accuracy:  0.80 |
[2022-05-26 21:40:47] ---------------------------------------------------------------------------------------------------
[2022-05-26 21:41:00] ---------------------------------------------------------------------------------------------------
[2022-05-26 21:41:00] | epoch   5 | time: 12.89s | training loss  0.09 |
[2022-05-26 21:41:01] | epoch   5 | time:  1.34s | cv loss  0.46 | cv accuracy:  0.79 |
[2022-05-26 21:41:01] ---------------------------------------------------------------------------------------------------
[2022-05-26 21:41:14] ---------------------------------------------------------------------------------------------------
[2022-05-26 21:41:14] | epoch   6 | time: 12.67s | training loss  0.05 |
[2022-05-26 21:41:16] | epoch   6 | time:  1.37s | cv loss  0.47 | cv accuracy:  0.79 |
[2022-05-26 21:41:16] ---------------------------------------------------------------------------------------------------
[2022-05-26 21:41:28] ---------------------------------------------------------------------------------------------------
[2022-05-26 21:41:28] | epoch   7 | time: 12.53s | training loss  0.03 |
[2022-05-26 21:41:29] | epoch   7 | time:  1.33s | cv loss  0.51 | cv accuracy:  0.79 |
[2022-05-26 21:41:29] ---------------------------------------------------------------------------------------------------
[2022-05-26 21:41:42] ---------------------------------------------------------------------------------------------------
[2022-05-26 21:41:42] | epoch   8 | time: 12.81s | training loss  0.02 |
[2022-05-26 21:41:44] | epoch   8 | time:  1.39s | cv loss  0.48 | cv accuracy:  0.81 |
[2022-05-26 21:41:44] ---------------------------------------------------------------------------------------------------
[2022-05-26 21:41:56] ---------------------------------------------------------------------------------------------------
[2022-05-26 21:41:56] | epoch   9 | time: 12.40s | training loss  0.02 |
[2022-05-26 21:41:57] | epoch   9 | time:  1.40s | cv loss  0.52 | cv accuracy:  0.79 |
[2022-05-26 21:41:57] ---------------------------------------------------------------------------------------------------
[2022-05-26 21:42:10] ---------------------------------------------------------------------------------------------------
[2022-05-26 21:42:10] | epoch  10 | time: 12.78s | training loss  0.01 |
[2022-05-26 21:42:12] | epoch  10 | time:  1.33s | cv loss  0.51 | cv accuracy:  0.80 |
[2022-05-26 21:42:12] ---------------------------------------------------------------------------------------------------
[2022-05-26 21:42:24] ---------------------------------------------------------------------------------------------------
[2022-05-26 21:42:24] | epoch  11 | time: 12.56s | training loss  0.01 |
[2022-05-26 21:42:25] | epoch  11 | time:  1.31s | cv loss  0.51 | cv accuracy:  0.80 |
[2022-05-26 21:42:25] ---------------------------------------------------------------------------------------------------
[2022-05-26 21:42:38] ---------------------------------------------------------------------------------------------------
[2022-05-26 21:42:38] | epoch  12 | time: 12.85s | training loss  0.01 |
[2022-05-26 21:42:40] | epoch  12 | time:  1.32s | cv loss  0.52 | cv accuracy:  0.80 |
[2022-05-26 21:42:40] ---------------------------------------------------------------------------------------------------
[2022-05-26 21:57:42] ---------------------------------------------------------------------------------------------------
[2022-05-26 21:57:42] | epoch   1 | time: 13.11s | training loss  1.53 |
[2022-05-26 21:57:43] | epoch   1 | time:  1.40s | cv loss  1.08 | cv accuracy:  0.75 |
[2022-05-26 21:57:43] ---------------------------------------------------------------------------------------------------
[2022-05-26 21:57:56] ---------------------------------------------------------------------------------------------------
[2022-05-26 21:57:56] | epoch   2 | time: 13.12s | training loss  0.75 |
[2022-05-26 21:57:58] | epoch   2 | time:  1.40s | cv loss  0.71 | cv accuracy:  0.79 |
[2022-05-26 21:57:58] ---------------------------------------------------------------------------------------------------
[2022-05-26 21:58:11] ---------------------------------------------------------------------------------------------------
[2022-05-26 21:58:11] | epoch   3 | time: 13.07s | training loss  0.41 |
[2022-05-26 21:58:12] | epoch   3 | time:  1.37s | cv loss  0.58 | cv accuracy:  0.80 |
[2022-05-26 21:58:12] ---------------------------------------------------------------------------------------------------
[2022-05-26 21:58:25] ---------------------------------------------------------------------------------------------------
[2022-05-26 21:58:25] | epoch   4 | time: 13.16s | training loss  0.23 |
[2022-05-26 21:58:27] | epoch   4 | time:  1.34s | cv loss  0.50 | cv accuracy:  0.81 |
[2022-05-26 21:58:27] ---------------------------------------------------------------------------------------------------
[2022-05-26 21:58:40] ---------------------------------------------------------------------------------------------------
[2022-05-26 21:58:40] | epoch   5 | time: 12.96s | training loss  0.14 |
[2022-05-26 21:58:41] | epoch   5 | time:  1.35s | cv loss  0.47 | cv accuracy:  0.81 |
[2022-05-26 21:58:41] ---------------------------------------------------------------------------------------------------
[2022-05-26 21:58:54] ---------------------------------------------------------------------------------------------------
[2022-05-26 21:58:54] | epoch   6 | time: 12.60s | training loss  0.09 |
[2022-05-26 21:58:55] | epoch   6 | time:  1.36s | cv loss  0.47 | cv accuracy:  0.80 |
[2022-05-26 21:58:55] ---------------------------------------------------------------------------------------------------
[2022-05-26 21:59:08] ---------------------------------------------------------------------------------------------------
[2022-05-26 21:59:08] | epoch   7 | time: 12.78s | training loss  0.06 |
[2022-05-26 21:59:09] | epoch   7 | time:  1.34s | cv loss  0.48 | cv accuracy:  0.81 |
[2022-05-26 21:59:09] ---------------------------------------------------------------------------------------------------
[2022-05-26 21:59:21] ---------------------------------------------------------------------------------------------------
[2022-05-26 21:59:21] | epoch   8 | time: 12.43s | training loss  0.04 |
[2022-05-26 21:59:23] | epoch   8 | time:  1.30s | cv loss  0.45 | cv accuracy:  0.81 |
[2022-05-26 21:59:23] ---------------------------------------------------------------------------------------------------
[2022-05-26 21:59:35] ---------------------------------------------------------------------------------------------------
[2022-05-26 21:59:35] | epoch   9 | time: 12.46s | training loss  0.03 |
[2022-05-26 21:59:37] | epoch   9 | time:  1.29s | cv loss  0.46 | cv accuracy:  0.81 |
[2022-05-26 21:59:37] ---------------------------------------------------------------------------------------------------
[2022-05-26 21:59:49] ---------------------------------------------------------------------------------------------------
[2022-05-26 21:59:49] | epoch  10 | time: 12.47s | training loss  0.02 |
[2022-05-26 21:59:50] | epoch  10 | time:  1.34s | cv loss  0.47 | cv accuracy:  0.83 |
[2022-05-26 21:59:50] ---------------------------------------------------------------------------------------------------
[2022-05-26 22:00:03] ---------------------------------------------------------------------------------------------------
[2022-05-26 22:00:03] | epoch  11 | time: 12.93s | training loss  0.02 |
[2022-05-26 22:00:05] | epoch  11 | time:  1.33s | cv loss  0.47 | cv accuracy:  0.82 |
[2022-05-26 22:00:05] ---------------------------------------------------------------------------------------------------
[2022-05-26 22:00:17] ---------------------------------------------------------------------------------------------------
[2022-05-26 22:00:17] | epoch  12 | time: 12.44s | training loss  0.01 |
[2022-05-26 22:00:18] | epoch  12 | time:  1.31s | cv loss  0.47 | cv accuracy:  0.82 |
[2022-05-26 22:00:18] ---------------------------------------------------------------------------------------------------
[2022-05-26 22:00:31] ---------------------------------------------------------------------------------------------------
[2022-05-26 22:00:31] | epoch  13 | time: 12.24s | training loss  0.01 |
[2022-05-26 22:00:32] | epoch  13 | time:  1.43s | cv loss  0.46 | cv accuracy:  0.82 |
[2022-05-26 22:00:32] ---------------------------------------------------------------------------------------------------
[2022-05-26 22:00:45] ---------------------------------------------------------------------------------------------------
[2022-05-26 22:00:45] | epoch  14 | time: 12.56s | training loss  0.01 |
[2022-05-26 22:00:46] | epoch  14 | time:  1.33s | cv loss  0.47 | cv accuracy:  0.82 |
[2022-05-26 22:00:46] ---------------------------------------------------------------------------------------------------
[2022-05-26 22:00:58] ---------------------------------------------------------------------------------------------------
[2022-05-26 22:00:58] | epoch  15 | time: 12.40s | training loss  0.01 |
[2022-05-26 22:01:00] | epoch  15 | time:  1.30s | cv loss  0.48 | cv accuracy:  0.82 |
[2022-05-26 22:01:00] ---------------------------------------------------------------------------------------------------
[2022-05-26 22:09:35] ---------------------------------------------------------------------------------------------------
[2022-05-26 22:09:35] | epoch   1 | time: 12.74s | training loss  1.80 |
[2022-05-26 22:09:37] | epoch   1 | time:  1.36s | cv loss  1.38 | cv accuracy:  0.69 |
[2022-05-26 22:09:37] ---------------------------------------------------------------------------------------------------
[2022-05-26 22:09:50] ---------------------------------------------------------------------------------------------------
[2022-05-26 22:09:50] | epoch   2 | time: 12.78s | training loss  1.06 |
[2022-05-26 22:09:51] | epoch   2 | time:  1.35s | cv loss  0.89 | cv accuracy:  0.78 |
[2022-05-26 22:09:51] ---------------------------------------------------------------------------------------------------
[2022-05-26 22:10:04] ---------------------------------------------------------------------------------------------------
[2022-05-26 22:10:04] | epoch   3 | time: 13.13s | training loss  0.58 |
[2022-05-26 22:10:05] | epoch   3 | time:  1.45s | cv loss  0.67 | cv accuracy:  0.79 |
[2022-05-26 22:10:05] ---------------------------------------------------------------------------------------------------
[2022-05-26 22:10:18] ---------------------------------------------------------------------------------------------------
[2022-05-26 22:10:18] | epoch   4 | time: 12.57s | training loss  0.32 |
[2022-05-26 22:10:19] | epoch   4 | time:  1.36s | cv loss  0.55 | cv accuracy:  0.81 |
[2022-05-26 22:10:19] ---------------------------------------------------------------------------------------------------
[2022-05-26 22:10:32] ---------------------------------------------------------------------------------------------------
[2022-05-26 22:10:32] | epoch   5 | time: 12.62s | training loss  0.18 |
[2022-05-26 22:10:33] | epoch   5 | time:  1.33s | cv loss  0.50 | cv accuracy:  0.82 |
[2022-05-26 22:10:33] ---------------------------------------------------------------------------------------------------
[2022-05-26 22:10:46] ---------------------------------------------------------------------------------------------------
[2022-05-26 22:10:46] | epoch   6 | time: 12.91s | training loss  0.11 |
[2022-05-26 22:10:48] | epoch   6 | time:  1.43s | cv loss  0.49 | cv accuracy:  0.81 |
[2022-05-26 22:10:48] ---------------------------------------------------------------------------------------------------
[2022-05-26 22:11:01] ---------------------------------------------------------------------------------------------------
[2022-05-26 22:11:01] | epoch   7 | time: 13.08s | training loss  0.07 |
[2022-05-26 22:11:02] | epoch   7 | time:  1.52s | cv loss  0.50 | cv accuracy:  0.81 |
[2022-05-26 22:11:02] ---------------------------------------------------------------------------------------------------
[2022-05-26 22:11:16] ---------------------------------------------------------------------------------------------------
[2022-05-26 22:11:16] | epoch   8 | time: 13.12s | training loss  0.05 |
[2022-05-26 22:11:17] | epoch   8 | time:  1.36s | cv loss  0.46 | cv accuracy:  0.82 |
[2022-05-26 22:11:17] ---------------------------------------------------------------------------------------------------
[2022-05-26 22:11:30] ---------------------------------------------------------------------------------------------------
[2022-05-26 22:11:30] | epoch   9 | time: 13.04s | training loss  0.04 |
[2022-05-26 22:11:31] | epoch   9 | time:  1.39s | cv loss  0.47 | cv accuracy:  0.82 |
[2022-05-26 22:11:31] ---------------------------------------------------------------------------------------------------
[2022-05-26 22:11:45] ---------------------------------------------------------------------------------------------------
[2022-05-26 22:11:45] | epoch  10 | time: 13.18s | training loss  0.03 |
[2022-05-26 22:11:46] | epoch  10 | time:  1.34s | cv loss  0.49 | cv accuracy:  0.83 |
[2022-05-26 22:11:46] ---------------------------------------------------------------------------------------------------
[2022-05-26 22:11:59] ---------------------------------------------------------------------------------------------------
[2022-05-26 22:11:59] | epoch  11 | time: 12.91s | training loss  0.02 |
[2022-05-26 22:12:00] | epoch  11 | time:  1.35s | cv loss  0.47 | cv accuracy:  0.82 |
[2022-05-26 22:12:00] ---------------------------------------------------------------------------------------------------
[2022-05-26 22:12:13] ---------------------------------------------------------------------------------------------------
[2022-05-26 22:12:13] | epoch  12 | time: 12.94s | training loss  0.02 |
[2022-05-26 22:12:15] | epoch  12 | time:  1.34s | cv loss  0.48 | cv accuracy:  0.82 |
[2022-05-26 22:12:15] ---------------------------------------------------------------------------------------------------
[2022-05-26 22:12:28] ---------------------------------------------------------------------------------------------------
[2022-05-26 22:12:28] | epoch  13 | time: 13.17s | training loss  0.01 |
[2022-05-26 22:12:29] | epoch  13 | time:  1.40s | cv loss  0.47 | cv accuracy:  0.82 |
[2022-05-26 22:12:29] ---------------------------------------------------------------------------------------------------
[2022-05-26 22:12:42] ---------------------------------------------------------------------------------------------------
[2022-05-26 22:12:42] | epoch  14 | time: 12.90s | training loss  0.01 |
[2022-05-26 22:12:43] | epoch  14 | time:  1.33s | cv loss  0.48 | cv accuracy:  0.82 |
[2022-05-26 22:12:43] ---------------------------------------------------------------------------------------------------
[2022-05-26 22:12:56] ---------------------------------------------------------------------------------------------------
[2022-05-26 22:12:56] | epoch  15 | time: 12.96s | training loss  0.01 |
[2022-05-26 22:12:58] | epoch  15 | time:  1.32s | cv loss  0.48 | cv accuracy:  0.82 |
[2022-05-26 22:12:58] ---------------------------------------------------------------------------------------------------
