[2022-04-28 13:53:40] ---------------------------------------------------------------------------------------------------
[2022-04-28 13:53:40] | epoch   1 | time: 15.63s | training loss  1.60 |
[2022-04-28 13:53:42] | epoch   1 | time:  1.61s | cv loss  1.15 | cv accuracy:  0.58 |
[2022-04-28 13:53:42] ---------------------------------------------------------------------------------------------------
[2022-04-28 13:53:58] ---------------------------------------------------------------------------------------------------
[2022-04-28 13:53:58] | epoch   2 | time: 15.60s | training loss  0.76 |
[2022-04-28 13:53:59] | epoch   2 | time:  1.75s | cv loss  0.83 | cv accuracy:  0.65 |
[2022-04-28 13:53:59] ---------------------------------------------------------------------------------------------------
[2022-04-28 13:54:14] ---------------------------------------------------------------------------------------------------
[2022-04-28 13:54:14] | epoch   3 | time: 14.96s | training loss  0.38 |
[2022-04-28 13:54:16] | epoch   3 | time:  1.69s | cv loss  0.72 | cv accuracy:  0.70 |
[2022-04-28 13:54:16] ---------------------------------------------------------------------------------------------------
[2022-04-28 13:54:31] ---------------------------------------------------------------------------------------------------
[2022-04-28 13:54:32] | epoch   4 | time: 15.38s | training loss  0.19 |
[2022-04-28 13:54:33] | epoch   4 | time:  1.57s | cv loss  0.72 | cv accuracy:  0.71 |
[2022-04-28 13:54:33] ---------------------------------------------------------------------------------------------------
[2022-04-28 13:54:49] ---------------------------------------------------------------------------------------------------
[2022-04-28 13:54:49] | epoch   5 | time: 16.22s | training loss  0.09 |
[2022-04-28 13:54:51] | epoch   5 | time:  1.71s | cv loss  0.76 | cv accuracy:  0.71 |
[2022-04-28 13:54:51] ---------------------------------------------------------------------------------------------------
[2022-04-28 13:55:07] ---------------------------------------------------------------------------------------------------
[2022-04-28 13:55:07] | epoch   6 | time: 16.26s | training loss  0.05 |
[2022-04-28 13:55:09] | epoch   6 | time:  1.87s | cv loss  0.83 | cv accuracy:  0.70 |
[2022-04-28 13:55:09] ---------------------------------------------------------------------------------------------------
[2022-04-28 13:55:26] ---------------------------------------------------------------------------------------------------
[2022-04-28 13:55:26] | epoch   7 | time: 16.80s | training loss  0.03 |
[2022-04-28 13:55:28] | epoch   7 | time:  1.80s | cv loss  0.84 | cv accuracy:  0.71 |
[2022-04-28 13:55:28] ---------------------------------------------------------------------------------------------------
[2022-04-28 13:55:43] ---------------------------------------------------------------------------------------------------
[2022-04-28 13:55:43] | epoch   8 | time: 15.13s | training loss  0.02 |
[2022-04-28 13:55:45] | epoch   8 | time:  1.76s | cv loss  0.83 | cv accuracy:  0.71 |
[2022-04-28 13:55:45] ---------------------------------------------------------------------------------------------------
[2022-04-28 13:56:01] ---------------------------------------------------------------------------------------------------
[2022-04-28 13:56:01] | epoch   9 | time: 15.82s | training loss  0.02 |
[2022-04-28 13:56:02] | epoch   9 | time:  1.60s | cv loss  0.82 | cv accuracy:  0.72 |
[2022-04-28 13:56:02] ---------------------------------------------------------------------------------------------------
[2022-04-28 13:56:19] ---------------------------------------------------------------------------------------------------
[2022-04-28 13:56:19] | epoch  10 | time: 16.34s | training loss  0.02 |
[2022-04-28 13:56:20] | epoch  10 | time:  1.83s | cv loss  0.85 | cv accuracy:  0.70 |
[2022-04-28 13:56:20] ---------------------------------------------------------------------------------------------------
