[2022-04-28 11:27:04] ---------------------------------------------------------------------------------------------------
[2022-04-28 11:27:04] | epoch   1 | time: 15.52s | training loss  1.59 |
[2022-04-28 11:27:05] | epoch   1 | time:  1.77s | cv loss  1.18 | cv accuracy:  0.56 |
[2022-04-28 11:27:05] ---------------------------------------------------------------------------------------------------
[2022-04-28 11:27:21] ---------------------------------------------------------------------------------------------------
[2022-04-28 11:27:21] | epoch   2 | time: 15.64s | training loss  0.90 |
[2022-04-28 11:27:23] | epoch   2 | time:  1.69s | cv loss  0.90 | cv accuracy:  0.63 |
[2022-04-28 11:27:23] ---------------------------------------------------------------------------------------------------
[2022-04-28 11:27:38] ---------------------------------------------------------------------------------------------------
[2022-04-28 11:27:38] | epoch   3 | time: 14.96s | training loss  0.63 |
[2022-04-28 11:27:39] | epoch   3 | time:  1.54s | cv loss  0.81 | cv accuracy:  0.68 |
[2022-04-28 11:27:39] ---------------------------------------------------------------------------------------------------
[2022-04-28 11:27:53] ---------------------------------------------------------------------------------------------------
[2022-04-28 11:27:53] | epoch   4 | time: 13.95s | training loss  0.48 |
[2022-04-28 11:27:55] | epoch   4 | time:  1.65s | cv loss  0.76 | cv accuracy:  0.71 |
[2022-04-28 11:27:55] ---------------------------------------------------------------------------------------------------
[2022-04-28 11:28:10] ---------------------------------------------------------------------------------------------------
[2022-04-28 11:28:10] | epoch   5 | time: 15.26s | training loss  0.34 |
[2022-04-28 11:28:12] | epoch   5 | time:  1.53s | cv loss  0.73 | cv accuracy:  0.72 |
[2022-04-28 11:28:12] ---------------------------------------------------------------------------------------------------
[2022-04-28 11:28:27] ---------------------------------------------------------------------------------------------------
[2022-04-28 11:28:27] | epoch   6 | time: 14.92s | training loss  0.21 |
[2022-04-28 11:28:28] | epoch   6 | time:  1.69s | cv loss  0.65 | cv accuracy:  0.76 |
[2022-04-28 11:28:28] ---------------------------------------------------------------------------------------------------
[2022-04-28 11:28:44] ---------------------------------------------------------------------------------------------------
[2022-04-28 11:28:44] | epoch   7 | time: 15.03s | training loss  0.12 |
[2022-04-28 11:28:45] | epoch   7 | time:  1.59s | cv loss  0.54 | cv accuracy:  0.81 |
[2022-04-28 11:28:45] ---------------------------------------------------------------------------------------------------
[2022-04-28 11:29:01] ---------------------------------------------------------------------------------------------------
[2022-04-28 11:29:01] | epoch   8 | time: 15.56s | training loss  0.07 |
[2022-04-28 11:29:02] | epoch   8 | time:  1.65s | cv loss  0.64 | cv accuracy:  0.80 |
[2022-04-28 11:29:02] ---------------------------------------------------------------------------------------------------
[2022-04-28 11:29:17] ---------------------------------------------------------------------------------------------------
[2022-04-28 11:29:17] | epoch   9 | time: 14.73s | training loss  0.04 |
[2022-04-28 11:29:19] | epoch   9 | time:  1.59s | cv loss  0.63 | cv accuracy:  0.82 |
[2022-04-28 11:29:19] ---------------------------------------------------------------------------------------------------
[2022-04-28 11:29:35] ---------------------------------------------------------------------------------------------------
[2022-04-28 11:29:35] | epoch  10 | time: 16.11s | training loss  0.03 |
[2022-04-28 11:29:37] | epoch  10 | time:  1.68s | cv loss  0.66 | cv accuracy:  0.79 |
[2022-04-28 11:29:37] ---------------------------------------------------------------------------------------------------
[2022-04-28 11:29:52] ---------------------------------------------------------------------------------------------------
[2022-04-28 11:29:52] | epoch  11 | time: 15.53s | training loss  0.03 |
[2022-04-28 11:29:54] | epoch  11 | time:  1.73s | cv loss  0.68 | cv accuracy:  0.79 |
[2022-04-28 11:29:54] ---------------------------------------------------------------------------------------------------
[2022-04-28 11:30:09] ---------------------------------------------------------------------------------------------------
[2022-04-28 11:30:09] | epoch  12 | time: 15.63s | training loss  0.02 |
[2022-04-28 11:30:11] | epoch  12 | time:  1.59s | cv loss  0.67 | cv accuracy:  0.79 |
[2022-04-28 11:30:11] ---------------------------------------------------------------------------------------------------
[2022-04-28 11:30:27] ---------------------------------------------------------------------------------------------------
[2022-04-28 11:30:27] | epoch  13 | time: 15.51s | training loss  0.02 |
[2022-04-28 11:30:28] | epoch  13 | time:  1.63s | cv loss  0.68 | cv accuracy:  0.79 |
[2022-04-28 11:30:28] ---------------------------------------------------------------------------------------------------
[2022-04-28 11:30:43] ---------------------------------------------------------------------------------------------------
[2022-04-28 11:30:43] | epoch  14 | time: 14.38s | training loss  0.02 |
[2022-04-28 11:30:44] | epoch  14 | time:  1.55s | cv loss  0.68 | cv accuracy:  0.79 |
[2022-04-28 11:30:44] ---------------------------------------------------------------------------------------------------
